2025-12-04 01:32:43, MOVE, v:1, k:poo@agenda, mode:PICK
2025-12-04 01:32:44, EXEC, v:1, k:poo@agenda, mode:FULL, rate:62
2025-12-04 01:32:46, MOVE, v:1, k:poo@agenda, mode:BACK
2025-12-04 01:36:26, MOVE, v:1, k:poo@agenda, mode:PICK
2025-12-04 01:36:28, EXEC, v:1, k:poo@agenda, mode:FULL, rate:62
2025-12-04 02:17:16, MOVE, v:1, k:poo@agenda, mode:PICK
2025-12-04 02:17:17, EXEC, v:1, k:poo@agenda, mode:FULL, rate:0, size:186
2025-12-04 02:17:19, MOVE, v:1, k:poo@agenda, mode:BACK
2025-12-04 02:17:21, MOVE, v:1, k:poo@agenda, mode:PICK
2025-12-04 02:17:22, EXEC, v:1, k:poo@agenda, mode:FULL, rate:0
2025-12-04 02:18:21, EXEC, v:1, k:poo@agenda, mode:FULL, rate:0, size:187
2025-12-04 02:18:22, EXEC, v:1, k:poo@agenda, mode:FULL, rate:0
2025-12-04 02:18:23, EXEC, v:1, k:poo@agenda, mode:FULL, rate:0
2025-12-04 02:19:27, EXEC, v:1, k:poo@agenda, mode:FULL, rate:0, size:187
2025-12-04 02:19:35, EXEC, v:1, k:poo@agenda, mode:FULL, rate:75, size:187
2025-12-04 02:23:05, EXEC, v:1, k:poo@agenda, mode:FULL, rate:75, size:194
2025-12-04 02:25:56, EXEC, v:1, k:poo@agenda, mode:FULL, rate:87, size:194
2025-12-04 02:31:11, EXEC, v:1, k:poo@agenda, mode:FULL, rate:100, size:201
2025-12-04 02:31:15, MOVE, v:1, k:poo@agenda, mode:BACK
2025-12-04 02:31:26, MOVE, v:1, k:poo@agenda, mode:PICK
2025-12-04 02:31:29, MOVE, v:1, k:poo@agenda, mode:BACK
2025-12-04 02:32:51, SELF, v:1, k:poo@agenda, rate:100, human:amigo, alone:10, study:360
2025-12-04 02:32:57, MOVE, v:1, k:poo@agenda, mode:PICK
2025-12-04 02:32:57, EXEC, v:1, k:poo@agenda, mode:FULL, rate:100
2025-12-04 02:32:58, MOVE, v:1, k:poo@agenda, mode:BACK
2025-12-04 02:34:32, MOVE, v:1, k:poo@agenda, mode:PICK
2025-12-04 02:34:33, EXEC, v:1, k:poo@agenda, mode:FULL, rate:100
