2025-12-03 16:04:34, MOVE, v:1, k:poo@agenda, mode:DOWN
2025-12-03 16:04:35, MOVE, v:1, k:poo@agenda, mode:PICK
2025-12-03 16:04:36, EXEC, v:1, k:poo@agenda, mode:FULL, rate:0, size:0
2025-12-03 16:10:43, EXEC, v:1, k:poo@agenda, mode:FULL, rate:0, size:10
2025-12-03 16:15:44, EXEC, v:1, k:poo@agenda, mode:FULL, rate:0, size:19
2025-12-03 16:18:06, EXEC, v:1, k:poo@agenda, mode:FULL, rate:0, size:26
2025-12-03 16:18:07, EXEC, v:1, k:poo@agenda, mode:FULL, rate:0
2025-12-03 16:18:35, MOVE, v:1, k:poo@agenda, mode:BACK
2025-12-03 16:18:47, MOVE, v:1, k:poo@agenda, mode:PICK
2025-12-03 16:18:48, EXEC, v:1, k:poo@agenda, mode:FULL, rate:0, size:26
2025-12-03 16:18:50, MOVE, v:1, k:poo@agenda, mode:BACK
2025-12-03 16:18:53, MOVE, v:1, k:poo@agenda, mode:PICK
2025-12-03 16:18:54, EXEC, v:1, k:poo@agenda, mode:FULL, rate:0
2025-12-03 16:29:20, EXEC, v:1, k:poo@agenda, mode:FULL, rate:0, size:57
2025-12-03 16:30:15, EXEC, v:1, k:poo@agenda, mode:FULL, rate:0, size:59
2025-12-03 16:46:42, EXEC, v:1, k:poo@agenda, mode:FULL, rate:0, size:77
2025-12-03 16:47:16, EXEC, v:1, k:poo@agenda, mode:FULL, rate:0, size:78
2025-12-03 16:48:05, EXEC, v:1, k:poo@agenda, mode:FULL, rate:0, size:78
2025-12-03 16:48:15, EXEC, v:1, k:poo@agenda, mode:FULL, rate:0, size:78
2025-12-03 16:48:31, EXEC, v:1, k:poo@agenda, mode:FULL, rate:0, size:79
2025-12-03 16:48:55, EXEC, v:1, k:poo@agenda, mode:FULL, rate:0, size:78
2025-12-03 16:49:34, MOVE, v:1, k:poo@agenda, mode:BACK
2025-12-03 17:14:47, MOVE, v:1, k:poo@agenda, mode:PICK
2025-12-03 17:14:48, EXEC, v:1, k:poo@agenda, mode:FULL, rate:0
2025-12-03 17:14:50, MOVE, v:1, k:poo@agenda, mode:BACK
2025-12-03 17:14:56, MOVE, v:1, k:poo@agenda, mode:PICK
2025-12-03 17:14:56, EXEC, v:1, k:poo@agenda, mode:FULL, rate:0
2025-12-03 17:16:39, EXEC, v:1, k:poo@agenda, mode:FULL, rate:0, size:78
2025-12-03 17:16:50, EXEC, v:1, k:poo@agenda, mode:FULL, rate:0, size:78
2025-12-03 17:19:38, EXEC, v:1, k:poo@agenda, mode:FULL, rate:0, size:78
2025-12-03 17:20:24, EXEC, v:1, k:poo@agenda, mode:FULL, rate:0
2025-12-03 17:20:58, EXEC, v:1, k:poo@agenda, mode:FULL, rate:0, size:78
2025-12-03 17:21:51, EXEC, v:1, k:poo@agenda, mode:FULL, rate:0, size:78
2025-12-03 17:22:02, MOVE, v:1, k:poo@agenda, mode:BACK
2025-12-03 17:22:07, MOVE, v:1, k:poo@agenda, mode:PICK
2025-12-03 17:22:08, EXEC, v:1, k:poo@agenda, mode:FULL, rate:0
2025-12-03 17:32:42, MOVE, v:1, k:poo@agenda, mode:BACK
2025-12-03 17:32:44, MOVE, v:1, k:poo@agenda, mode:PICK
2025-12-03 17:32:45, EXEC, v:1, k:poo@agenda, mode:FULL, rate:0, size:103
2025-12-03 17:32:46, MOVE, v:1, k:poo@agenda, mode:BACK
2025-12-03 17:32:48, MOVE, v:1, k:poo@agenda, mode:PICK
2025-12-03 17:32:49, EXEC, v:1, k:poo@agenda, mode:FULL, rate:0
2025-12-03 18:07:29, EXEC, v:1, k:poo@agenda, mode:FULL, rate:0, size:146
2025-12-03 18:07:30, EXEC, v:1, k:poo@agenda, mode:FULL, rate:0
2025-12-03 18:07:31, EXEC, v:1, k:poo@agenda, mode:FULL, rate:0
2025-12-03 18:07:31, EXEC, v:1, k:poo@agenda, mode:FULL, rate:0
2025-12-03 18:07:31, EXEC, v:1, k:poo@agenda, mode:FULL, rate:0
2025-12-03 18:07:32, EXEC, v:1, k:poo@agenda, mode:FULL, rate:0
2025-12-03 18:07:32, EXEC, v:1, k:poo@agenda, mode:FULL, rate:0
2025-12-03 18:07:32, EXEC, v:1, k:poo@agenda, mode:FULL, rate:0
2025-12-03 18:07:32, EXEC, v:1, k:poo@agenda, mode:FULL, rate:0
2025-12-03 18:07:42, EXEC, v:1, k:poo@agenda, mode:FULL, rate:0, size:134
2025-12-03 18:09:30, EXEC, v:1, k:poo@agenda, mode:FULL, rate:25, size:134
2025-12-03 18:10:02, MOVE, v:1, k:poo@agenda, mode:BACK
2025-12-03 18:10:31, MOVE, v:1, k:poo@agenda, mode:PICK
2025-12-03 18:10:32, EXEC, v:1, k:poo@agenda, mode:FULL, rate:25
2025-12-03 19:10:53, MOVE, v:1, k:poo@agenda, mode:PICK
2025-12-03 19:10:54, EXEC, v:1, k:poo@agenda, mode:FULL, rate:25
2025-12-03 19:10:55, MOVE, v:1, k:poo@agenda, mode:BACK
2025-12-03 19:10:58, MOVE, v:1, k:poo@agenda, mode:PICK
2025-12-03 19:11:00, EXEC, v:1, k:poo@agenda, mode:FULL, rate:25
2025-12-03 19:11:02, MOVE, v:1, k:poo@agenda, mode:BACK
2025-12-03 19:11:12, MOVE, v:1, k:poo@agenda, mode:PICK
2025-12-03 19:11:13, EXEC, v:1, k:poo@agenda, mode:FULL, rate:25
2025-12-03 19:16:50, EXEC, v:1, k:poo@agenda, mode:FULL, rate:25, size:137
2025-12-03 19:16:53, MOVE, v:1, k:poo@agenda, mode:BACK
2025-12-03 19:17:29, MOVE, v:1, k:poo@agenda, mode:PICK
2025-12-03 19:17:30, EXEC, v:1, k:poo@agenda, mode:FULL, rate:25
2025-12-03 19:17:31, MOVE, v:1, k:poo@agenda, mode:BACK
2025-12-03 19:20:29, MOVE, v:1, k:poo@agenda, mode:DOWN
2025-12-03 19:20:32, MOVE, v:1, k:poo@agenda, mode:PICK
2025-12-03 19:20:33, EXEC, v:1, k:poo@agenda, mode:FULL, rate:25
2025-12-03 19:20:35, MOVE, v:1, k:poo@agenda, mode:BACK
2025-12-03 19:20:39, MOVE, v:1, k:poo@agenda, mode:PICK
2025-12-03 19:24:24, EXEC, v:1, k:poo@agenda, mode:FULL, rate:25
2025-12-03 19:24:26, MOVE, v:1, k:poo@agenda, mode:BACK
2025-12-03 19:28:40, MOVE, v:1, k:poo@agenda, mode:PICK
2025-12-03 19:28:41, EXEC, v:1, k:poo@agenda, mode:FULL, rate:25
2025-12-03 19:28:42, MOVE, v:1, k:poo@agenda, mode:BACK
2025-12-03 19:32:35, MOVE, v:1, k:poo@agenda, mode:PICK
2025-12-03 19:32:36, EXEC, v:1, k:poo@agenda, mode:FULL, rate:25
2025-12-03 19:32:38, MOVE, v:1, k:poo@agenda, mode:BACK
2025-12-03 19:35:52, MOVE, v:1, k:poo@agenda, mode:PICK
2025-12-03 19:35:53, EXEC, v:1, k:poo@agenda, mode:FULL, rate:25
2025-12-03 19:35:55, MOVE, v:1, k:poo@agenda, mode:BACK
2025-12-03 19:52:57, MOVE, v:1, k:poo@agenda, mode:PICK
2025-12-03 19:52:58, EXEC, v:1, k:poo@agenda, mode:FULL, rate:25
2025-12-03 19:52:59, MOVE, v:1, k:poo@agenda, mode:BACK
2025-12-03 20:10:59, MOVE, v:1, k:poo@agenda, mode:PICK
2025-12-03 20:11:01, EXEC, v:1, k:poo@agenda, mode:FULL, rate:25
2025-12-03 20:11:02, MOVE, v:1, k:poo@agenda, mode:BACK
2025-12-03 20:16:09, MOVE, v:1, k:poo@agenda, mode:PICK
2025-12-03 20:16:10, EXEC, v:1, k:poo@agenda, mode:FULL, rate:25
2025-12-03 20:16:11, MOVE, v:1, k:poo@agenda, mode:BACK
2025-12-03 20:19:14, MOVE, v:1, k:poo@agenda, mode:PICK
2025-12-03 20:19:15, EXEC, v:1, k:poo@agenda, mode:FULL, rate:25
2025-12-03 20:19:16, MOVE, v:1, k:poo@agenda, mode:BACK
2025-12-03 20:28:39, MOVE, v:1, k:poo@agenda, mode:PICK
2025-12-03 20:28:41, EXEC, v:1, k:poo@agenda, mode:FULL, rate:25
2025-12-03 20:28:46, MOVE, v:1, k:poo@agenda, mode:BACK
2025-12-03 20:51:56, MOVE, v:1, k:poo@agenda, mode:PICK
2025-12-03 20:51:57, EXEC, v:1, k:poo@agenda, mode:FULL, rate:25, size:138
2025-12-03 20:52:00, MOVE, v:1, k:poo@agenda, mode:BACK
2025-12-03 21:06:38, MOVE, v:1, k:poo@agenda, mode:PICK
2025-12-03 21:06:40, EXEC, v:1, k:poo@agenda, mode:FULL, rate:25
2025-12-03 21:06:41, MOVE, v:1, k:poo@agenda, mode:BACK
2025-12-03 21:10:36, MOVE, v:1, k:poo@agenda, mode:PICK
2025-12-03 21:10:37, EXEC, v:1, k:poo@agenda, mode:FULL, rate:25
2025-12-03 21:10:39, MOVE, v:1, k:poo@agenda, mode:BACK
2025-12-03 21:20:38, MOVE, v:1, k:poo@agenda, mode:PICK
2025-12-03 21:20:39, EXEC, v:1, k:poo@agenda, mode:FULL, rate:25, size:159
2025-12-03 21:22:41, EXEC, v:1, k:poo@agenda, mode:FULL, rate:37, size:159
2025-12-03 21:24:06, EXEC, v:1, k:poo@agenda, mode:FULL, rate:62, size:161
2025-12-03 21:24:23, MOVE, v:1, k:poo@agenda, mode:BACK
2025-12-03 21:24:28, MOVE, v:1, k:poo@agenda, mode:PICK
2025-12-03 21:24:29, EXEC, v:1, k:poo@agenda, mode:FULL, rate:62
2025-12-03 21:40:20, EXEC, v:1, k:poo@agenda, mode:FULL, rate:62
2025-12-03 21:40:21, MOVE, v:1, k:poo@agenda, mode:BACK
2025-12-03 21:51:00, MOVE, v:1, k:poo@agenda, mode:PICK
2025-12-03 21:51:01, EXEC, v:1, k:poo@agenda, mode:FULL, rate:62
2025-12-03 21:51:07, MOVE, v:1, k:poo@agenda, mode:BACK
